PRT1
90
283
4 0 17 (1024 0 -646 ) (1024 0 -492 ) (1024 306 -492 ) (1024 306 -646 ) 
4 0 16 (1024 306 -492 ) (1024 452.125000 -492 ) (1024 452.125000 -646 ) (1024 306 -646 ) 
4 0 3 (1024 0 -492 ) (1024 0 358 ) (1024 306 358 ) (1024 306 -492 ) 
4 0 2 (1024 306 358 ) (1024 452.125000 358 ) (1024 452.125000 -492 ) (1024 306 -492 ) 
4 0 1 (1526 0 358 ) (1024 0 358 ) (1024 0 -646 ) (1526 0 -646 ) 
4 1 66 (1024 -512 -646 ) (1024 -740.125000 -646 ) (1024 -740.125000 -502 ) (1024 -512 -502 ) 
4 1 63 (1024 0 -502 ) (1024 0 -646 ) (1024 -512 -646 ) (1024 -512 -502 ) 
4 1 62 (1024 -740.125000 358 ) (1024 -512 358 ) (1024 -512 -502 ) (1024 -740.125000 -502 ) 
4 1 46 (1024 -512 358 ) (1024 -78 358 ) (1024 -78 -502 ) (1024 -512 -502 ) 
4 1 45 (1024 0 -492 ) (1024 0 -502 ) (1024 -78 -502 ) (1024 -78 -492 ) 
4 1 35 (1024 0 116 ) (1024 0 -492 ) (1024 -78 -492 ) (1024 -78 116 ) 
4 1 34 (1024 -78 358 ) (1024 0 358 ) (1024 0 116 ) (1024 -78 116 ) 
4 2 23 (0 316 -492 ) (0 306 -492 ) (0 306 64 ) (0 316 64 ) 
4 2 22 (0 452.125000 64 ) (0 452.125000 -492 ) (0 316 -492 ) (0 316 64 ) 
4 2 19 (0 306 358 ) (0 452.125000 358 ) (0 452.125000 64 ) (0 306 64 ) 
4 2 16 (0 306 -492 ) (0 452.125000 -492 ) (1024 452.125000 -492 ) (1024 306 -492 ) 
4 2 13 (357.500000 306 -492 ) (366 306 -492 ) (366 306 -486 ) (357.500000 306 -486 ) 
4 2 8 (366 306 -486 ) (366 306 64 ) (357.500000 306 64 ) (357.500000 306 -486 ) 
4 2 7 (174 306 116 ) (0 306 116 ) (0 306 74 ) (174 306 74 ) 
4 2 6 (206 306 116 ) (174 306 116 ) (174 306 74 ) (206 306 74 ) 
4 2 5 (366 306 74 ) (366 306 116 ) (206 306 116 ) (206 306 74 ) 
4 2 4 (366 306 116 ) (366 306 358 ) (0 306 358 ) (0 306 116 ) 
4 2 3 (366 306 -492 ) (1024 306 -492 ) (1024 306 358 ) (366 306 358 ) 
4 3 35 (1024 0 -492 ) (1024 0 116 ) (366 0 116 ) (366 0 -492 ) 
4 3 34 (1024 0 116 ) (1024 0 358 ) (366 0 358 ) (366 0 116 ) 
4 3 17 (366 306 -492 ) (1024 306 -492 ) (1024 0 -492 ) (366 0 -492 ) 
4 3 14 (366 298.500000 -492 ) (366 178 -492 ) (366 178 -486 ) (366 298.500000 -486 ) 
4 3 15 (366 50 -492 ) (366 0 -492 ) (366 0 -486 ) (366 50 -486 ) 
4 3 13 (366 306 -486 ) (366 306 -492 ) (366 298.500000 -492 ) (366 298.500000 -486 ) 
4 3 9 (366 298.500000 -486 ) (366 0 -486 ) (366 0 64 ) (366 298.500000 64 ) 
4 3 8 (366 306 64 ) (366 306 -486 ) (366 298.500000 -486 ) (366 298.500000 64 ) 
4 3 5 (366 306 116 ) (366 306 74 ) (366 0 74 ) (366 0 116 ) 
4 3 4 (366 306 358 ) (366 306 116 ) (366 0 116 ) (366 0 358 ) 
4 4 34 (366 0 358 ) (0 0 358 ) (0 0 116 ) (366 0 116 ) 
4 4 20 (0 0 116 ) (0 0 358 ) (0 306 358 ) (0 306 116 ) 
4 4 7 (0 0 116 ) (0 306 116 ) (174 306 116 ) (174 0 116 ) 
4 4 6 (174 306 116 ) (206 306 116 ) (206 290 116 ) (174 290 116 ) 
4 4 5 (206 306 116 ) (366 306 116 ) (366 0 116 ) (206 0 116 ) 
4 5 36 (366 0 74 ) (366 0 116 ) (206 0 116 ) (206 0 74 ) 
4 5 6 (206 290 116 ) (206 306 116 ) (206 306 74 ) (206 290 74 ) 
4 6 7 (174 290 74 ) (174 290 116 ) (174 306 116 ) (174 306 74 ) 
4 7 40 (0 0 116 ) (0 0 74 ) (174 0 74 ) (174 0 116 ) 
4 7 20 (0 0 74 ) (0 0 116 ) (0 306 116 ) (0 306 74 ) 
4 8 13 (357.500000 306 -486 ) (366 306 -486 ) (366 298.500000 -486 ) (357.500000 298.500000 -486 ) 
4 8 9 (357.500000 298.500000 -486 ) (366 298.500000 -486 ) (366 298.500000 64 ) (357.500000 298.500000 64 ) 
4 9 38 (366 0 -278 ) (366 0 64 ) (206 0 64 ) (206 0 -278 ) 
4 9 42 (206 0 -486 ) (366 0 -486 ) (366 0 -278 ) (206 0 -278 ) 
4 9 14 (366 298.500000 -486 ) (366 178 -486 ) (206 178 -486 ) (206 298.500000 -486 ) 
4 9 15 (366 50 -486 ) (366 0 -486 ) (206 0 -486 ) (206 50 -486 ) 
4 9 11 (206 290 -486 ) (206 0 -486 ) (206 0 -278 ) (206 290 -278 ) 
4 9 10 (206 298.500000 64 ) (206 298.500000 -486 ) (206 290 -486 ) (206 290 64 ) 
4 10 14 (174 290 -486 ) (174 298.500000 -486 ) (206 298.500000 -486 ) (206 290 -486 ) 
4 10 11 (174 290 -278 ) (174 290 -486 ) (206 290 -486 ) (206 290 -278 ) 
4 10 12 (174 298.500000 64 ) (174 298.500000 -486 ) (174 290 -486 ) (174 290 64 ) 
4 11 42 (174 0 -486 ) (206 0 -486 ) (206 0 -278 ) (174 0 -278 ) 
4 11 14 (174 178 -486 ) (174 290 -486 ) (206 290 -486 ) (206 178 -486 ) 
4 11 15 (206 0 -486 ) (174 0 -486 ) (174 50 -486 ) (206 50 -486 ) 
4 11 12 (174 290 -486 ) (174 0 -486 ) (174 0 -278 ) (174 290 -278 ) 
4 12 41 (0 0 64 ) (0 0 -278 ) (174 0 -278 ) (174 0 64 ) 
4 12 42 (0 0 -278 ) (0 0 -486 ) (174 0 -486 ) (174 0 -278 ) 
4 12 29 (0 0 -486 ) (0 0 -206 ) (0 50 -206 ) (0 50 -486 ) 
4 12 28 (0 50 -206 ) (0 178 -206 ) (0 178 -486 ) (0 50 -486 ) 
4 12 27 (0 178 -206 ) (0 298.500000 -206 ) (0 298.500000 -486 ) (0 178 -486 ) 
4 12 26 (0 0 -206 ) (0 0 64 ) (0 298.500000 64 ) (0 298.500000 -206 ) 
4 12 14 (0 178 -486 ) (0 298.500000 -486 ) (174 298.500000 -486 ) (174 178 -486 ) 
4 12 15 (174 0 -486 ) (0 0 -486 ) (0 50 -486 ) (174 50 -486 ) 
4 13 14 (357.500000 298.500000 -492 ) (366 298.500000 -492 ) (366 298.500000 -486 ) (357.500000 298.500000 -486 ) 
4 14 27 (0 178 -486 ) (0 298.500000 -486 ) (0 298.500000 -492 ) (0 178 -492 ) 
4 15 42 (0 0 -486 ) (0 0 -492 ) (366 0 -492 ) (366 0 -486 ) 
4 15 29 (0 0 -492 ) (0 0 -486 ) (0 50 -486 ) (0 50 -492 ) 
4 16 31 (0 306 -492 ) (0 452.125000 -492 ) (0 452.125000 -646 ) (0 306 -646 ) 
4 16 18 (0 306 -646 ) (366 306 -646 ) (366 306 -502 ) (0 306 -502 ) 
4 16 17 (366 306 -646 ) (1024 306 -646 ) (1024 306 -492 ) (366 306 -492 ) 
4 17 64 (368 0 -502 ) (366 0 -502 ) (366 0 -646 ) (368 0 -646 ) 
4 17 63 (1024 0 -646 ) (1024 0 -502 ) (368 0 -502 ) (368 0 -646 ) 
4 17 45 (1024 0 -502 ) (1024 0 -492 ) (366 0 -492 ) (366 0 -502 ) 
4 17 18 (366 306 -502 ) (366 306 -646 ) (366 0 -646 ) (366 0 -502 ) 
4 18 64 (0 0 -502 ) (0 0 -646 ) (366 0 -646 ) (366 0 -502 ) 
4 18 32 (0 0 -646 ) (0 0 -502 ) (0 306 -502 ) (0 306 -646 ) 
4 19 25 (-441.500000 306 64 ) (-450 306 64 ) (-450 316 64 ) (-441.500000 316 64 ) 
4 19 24 (-426 306 64 ) (-441.500000 306 64 ) (-441.500000 316 64 ) (-426 316 64 ) 
4 19 23 (0 316 64 ) (0 306 64 ) (-426 306 64 ) (-426 316 64 ) 
4 19 22 (-450 452.125000 64 ) (0 452.125000 64 ) (0 316 64 ) (-450 316 64 ) 
4 19 20 (-450 306 358 ) (-450 306 74 ) (0 306 74 ) (0 306 358 ) 
4 19 21 (-450 452.125000 358 ) (-450 452.125000 64 ) (-450 306 64 ) (-450 306 358 ) 
4 20 67 (0 0 74 ) (0 0 358 ) (-450 0 358 ) (-450 0 74 ) 
4 20 21 (-450 0 74 ) (-450 0 358 ) (-450 306 358 ) (-450 306 74 ) 
4 21 69 (-450 0 358 ) (-758 0 358 ) (-758 0 64 ) (-450 0 64 ) 
4 21 26 (-450 298.500000 64 ) (-450 0 64 ) (-700 0 64 ) (-700 298.500000 64 ) 
4 21 25 (-450 316 64 ) (-450 298.500000 64 ) (-700 298.500000 64 ) (-700 316 64 ) 
4 21 22 (-700 452.125000 64 ) (-450 452.125000 64 ) (-450 316 64 ) (-700 316 64 ) 
4 21 30 (-758 0 64 ) (-758 452.125000 64 ) (-700 452.125000 64 ) (-700 0 64 ) 
4 22 31 (0 452.125000 -492 ) (0 316 -492 ) (-700 316 -492 ) (-700 452.125000 -492 ) 
4 22 25 (-700 316 64 ) (-700 316 -206 ) (-441.500000 316 -206 ) (-441.500000 316 64 ) 
4 22 24 (-426 316 -206 ) (-426 316 64 ) (-441.500000 316 64 ) (-441.500000 316 -206 ) 
4 22 23 (-426 316 -492 ) (0 316 -492 ) (0 316 64 ) (-426 316 64 ) 
4 22 30 (-700 452.125000 64 ) (-700 452.125000 -492 ) (-700 316 -492 ) (-700 316 64 ) 
4 23 31 (0 316 -492 ) (0 306 -492 ) (-426 306 -492 ) (-426 316 -492 ) 
4 23 24 (-426 316 64 ) (-426 316 -206 ) (-426 306 -206 ) (-426 306 64 ) 
4 24 25 (-441.500000 316 64 ) (-441.500000 316 -206 ) (-441.500000 306 -206 ) (-441.500000 306 64 ) 
4 25 26 (-700 298.500000 64 ) (-700 298.500000 -206 ) (-441.500000 298.500000 -206 ) (-441.500000 298.500000 64 ) 
4 25 30 (-700 298.500000 -206 ) (-700 298.500000 64 ) (-700 316 64 ) (-700 316 -206 ) 
4 26 71 (-426 0 64 ) (-700 0 64 ) (-700 0 -206 ) (-426 0 -206 ) 
4 26 70 (0 0 -206 ) (0 0 64 ) (-426 0 64 ) (-426 0 -206 ) 
4 26 29 (0 0 -206 ) (-426 0 -206 ) (-426 50 -206 ) (0 50 -206 ) 
4 26 28 (-426 178 -206 ) (0 178 -206 ) (0 50 -206 ) (-426 50 -206 ) 
4 26 27 (-426 298.500000 -206 ) (0 298.500000 -206 ) (0 178 -206 ) (-426 178 -206 ) 
4 26 30 (-700 0 -206 ) (-700 0 64 ) (-700 298.500000 64 ) (-700 298.500000 -206 ) 
4 27 28 (0 178 -206 ) (-426 178 -206 ) (-426 178 -486 ) (0 178 -486 ) 
4 28 29 (0 50 -206 ) (-426 50 -206 ) (-426 50 -486 ) (0 50 -486 ) 
4 29 70 (0 0 -492 ) (0 0 -206 ) (-426 0 -206 ) (-426 0 -492 ) 
4 30 73 (-700 0 64 ) (-758 0 64 ) (-758 0 -492 ) (-700 0 -492 ) 
4 30 33 (-700 0 -492 ) (-758 0 -492 ) (-758 306 -492 ) (-700 306 -492 ) 
4 30 31 (-758 306 -492 ) (-758 452.125000 -492 ) (-700 452.125000 -492 ) (-700 306 -492 ) 
4 31 32 (-450 306 -646 ) (0 306 -646 ) (0 306 -502 ) (-450 306 -502 ) 
4 31 33 (-758 306 -492 ) (-758 306 -646 ) (-450 306 -646 ) (-450 306 -492 ) 
4 32 86 (0 0 -646 ) (0 0 -502 ) (-448 0 -502 ) (-448 0 -646 ) 
4 32 89 (-448 0 -502 ) (-450 0 -502 ) (-450 0 -646 ) (-448 0 -646 ) 
4 32 33 (-450 306 -502 ) (-450 306 -646 ) (-450 0 -646 ) (-450 0 -502 ) 
4 33 89 (-758 0 -502 ) (-758 0 -646 ) (-450 0 -646 ) (-450 0 -502 ) 
4 33 77 (-450 0 -492 ) (-758 0 -492 ) (-758 0 -502 ) (-450 0 -502 ) 
4 34 67 (0 0 358 ) (0 0 116 ) (0 -78 116 ) (0 -78 358 ) 
4 34 47 (368 -78 358 ) (0 -78 358 ) (0 -78 116 ) (368 -78 116 ) 
4 34 46 (1024 -78 116 ) (1024 -78 358 ) (368 -78 358 ) (368 -78 116 ) 
4 34 43 (366 -78 116 ) (0 -78 116 ) (0 -70.500000 116 ) (366 -70.500000 116 ) 
4 34 40 (0 -70.500000 116 ) (0 0 116 ) (174 0 116 ) (174 -70.500000 116 ) 
4 34 37 (206 -62 116 ) (206 -70.500000 116 ) (174 -70.500000 116 ) (174 -62 116 ) 
4 34 36 (206 0 116 ) (366 0 116 ) (366 -70.500000 116 ) (206 -70.500000 116 ) 
4 34 35 (1024 -78 116 ) (366 -78 116 ) (366 0 116 ) (1024 0 116 ) 
4 35 47 (368 -78 116 ) (366 -78 116 ) (366 -78 -492 ) (368 -78 -492 ) 
4 35 46 (1024 -78 -492 ) (1024 -78 116 ) (368 -78 116 ) (368 -78 -492 ) 
4 35 45 (1024 -78 -492 ) (366 -78 -492 ) (366 0 -492 ) (1024 0 -492 ) 
4 35 44 (366 -70.500000 -492 ) (366 -78 -492 ) (366 -78 64 ) (366 -70.500000 64 ) 
4 35 43 (366 -78 74 ) (366 -78 116 ) (366 -70.500000 116 ) (366 -70.500000 74 ) 
4 35 38 (366 -70.500000 -278 ) (366 -70.500000 64 ) (366 0 64 ) (366 0 -278 ) 
4 35 36 (366 -70.500000 74 ) (366 -70.500000 116 ) (366 0 116 ) (366 0 74 ) 
4 35 42 (366 0 -492 ) (366 -70.500000 -492 ) (366 -70.500000 -278 ) (366 0 -278 ) 
4 36 43 (366 -70.500000 74 ) (366 -70.500000 116 ) (206 -70.500000 116 ) (206 -70.500000 74 ) 
4 36 37 (206 -70.500000 74 ) (206 -70.500000 116 ) (206 -62 116 ) (206 -62 74 ) 
4 37 43 (206 -70.500000 116 ) (174 -70.500000 116 ) (174 -70.500000 74 ) (206 -70.500000 74 ) 
4 37 40 (174 -70.500000 74 ) (174 -70.500000 116 ) (174 -62 116 ) (174 -62 74 ) 
4 38 44 (366 -70.500000 -278 ) (366 -70.500000 64 ) (357.500000 -70.500000 64 ) (357.500000 -70.500000 -278 ) 
4 38 39 (206 -62 -278 ) (206 -70.500000 -278 ) (206 -70.500000 64 ) (206 -62 64 ) 
4 38 42 (366 -70.500000 -278 ) (206 -70.500000 -278 ) (206 0 -278 ) (366 0 -278 ) 
4 39 41 (174 -62 -278 ) (174 -70.500000 -278 ) (174 -70.500000 64 ) (174 -62 64 ) 
4 39 42 (206 -70.500000 -278 ) (174 -70.500000 -278 ) (174 -62 -278 ) (206 -62 -278 ) 
4 40 67 (0 0 116 ) (0 0 74 ) (0 -70.500000 74 ) (0 -70.500000 116 ) 
4 40 43 (174 -70.500000 116 ) (0 -70.500000 116 ) (0 -70.500000 74 ) (174 -70.500000 74 ) 
4 41 70 (0 0 64 ) (0 0 -278 ) (0 -70.500000 -278 ) (0 -70.500000 64 ) 
4 41 42 (174 -70.500000 -278 ) (0 -70.500000 -278 ) (0 0 -278 ) (174 0 -278 ) 
4 42 70 (0 0 -278 ) (0 0 -492 ) (0 -70.500000 -492 ) (0 -70.500000 -278 ) 
4 42 44 (357.500000 -70.500000 -492 ) (366 -70.500000 -492 ) (366 -70.500000 -278 ) (357.500000 -70.500000 -278 ) 
4 43 67 (0 -78 74 ) (0 -78 116 ) (0 -70.500000 116 ) (0 -70.500000 74 ) 
4 43 47 (366 -78 116 ) (0 -78 116 ) (0 -78 74 ) (366 -78 74 ) 
4 44 47 (357.500000 -78 -492 ) (366 -78 -492 ) (366 -78 64 ) (357.500000 -78 64 ) 
4 45 64 (366 0 -502 ) (368 0 -502 ) (368 -78 -502 ) (366 -78 -502 ) 
4 45 63 (368 0 -502 ) (1024 0 -502 ) (1024 -78 -502 ) (368 -78 -502 ) 
4 45 47 (366 -78 -502 ) (368 -78 -502 ) (368 -78 -492 ) (366 -78 -492 ) 
4 45 46 (368 -78 -502 ) (1024 -78 -502 ) (1024 -78 -492 ) (368 -78 -492 ) 
4 46 63 (368 -78 -502 ) (1024 -78 -502 ) (1024 -512 -502 ) (368 -512 -502 ) 
4 46 62 (368 -512 -502 ) (1024 -512 -502 ) (1024 -512 358 ) (368 -512 358 ) 
4 46 60 (368 -512 -502 ) (368 -512 54 ) (368 -496 54 ) (368 -496 -502 ) 
4 46 59 (368 -512 64 ) (368 -512 106 ) (368 -496 106 ) (368 -496 64 ) 
4 46 57 (368 -144 -502 ) (368 -256 -502 ) (368 -256 -496 ) (368 -144 -496 ) 
4 46 58 (368 -384 -502 ) (368 -496 -502 ) (368 -496 -496 ) (368 -384 -496 ) 
4 46 54 (368 -496 -496 ) (368 -496 54 ) (368 -144 54 ) (368 -144 -496 ) 
4 46 52 (368 -128 54 ) (368 -128 -502 ) (368 -144 -502 ) (368 -144 54 ) 
4 46 49 (368 -496 106 ) (368 -128 106 ) (368 -128 64 ) (368 -496 64 ) 
4 46 48 (368 -512 106 ) (368 -512 358 ) (368 -128 358 ) (368 -128 106 ) 
4 46 47 (368 -128 358 ) (368 -78 358 ) (368 -78 -502 ) (368 -128 -502 ) 
4 47 76 (0 -78 -502 ) (0 -128 -502 ) (0 -128 -492 ) (0 -78 -492 ) 
4 47 74 (0 -128 -492 ) (0 -128 64 ) (0 -78 64 ) (0 -78 -492 ) 
4 47 68 (0 -128 64 ) (0 -128 358 ) (0 -78 358 ) (0 -78 64 ) 
4 47 64 (0 -128 -502 ) (0 -78 -502 ) (368 -78 -502 ) (368 -128 -502 ) 
4 47 52 (359.500000 -128 -502 ) (368 -128 -502 ) (368 -128 54 ) (359.500000 -128 54 ) 
4 47 51 (176 -128 106 ) (0 -128 106 ) (0 -128 64 ) (176 -128 64 ) 
4 47 50 (208 -128 106 ) (176 -128 106 ) (176 -128 64 ) (208 -128 64 ) 
4 47 49 (368 -128 64 ) (368 -128 106 ) (208 -128 106 ) (208 -128 64 ) 
4 47 48 (368 -128 106 ) (368 -128 358 ) (0 -128 358 ) (0 -128 106 ) 
4 48 78 (0 -512 106 ) (0 -512 358 ) (0 -128 358 ) (0 -128 106 ) 
4 48 62 (368 -512 106 ) (368 -512 358 ) (0 -512 358 ) (0 -512 106 ) 
4 48 59 (368 -496 106 ) (368 -512 106 ) (0 -512 106 ) (0 -496 106 ) 
4 48 51 (0 -128 106 ) (176 -128 106 ) (176 -496 106 ) (0 -496 106 ) 
4 48 50 (176 -128 106 ) (208 -128 106 ) (208 -144 106 ) (176 -144 106 ) 
4 48 49 (208 -128 106 ) (368 -128 106 ) (368 -496 106 ) (208 -496 106 ) 
4 49 59 (368 -496 64 ) (368 -496 106 ) (208 -496 106 ) (208 -496 64 ) 
4 49 50 (208 -144 106 ) (208 -128 106 ) (208 -128 64 ) (208 -144 64 ) 
4 50 51 (176 -144 64 ) (176 -144 106 ) (176 -128 106 ) (176 -128 64 ) 
4 51 78 (0 -496 64 ) (0 -496 106 ) (0 -128 106 ) (0 -128 64 ) 
4 51 59 (176 -496 106 ) (0 -496 106 ) (0 -496 64 ) (176 -496 64 ) 
4 52 57 (359.500000 -144 -502 ) (368 -144 -502 ) (368 -144 -496 ) (359.500000 -144 -496 ) 
4 52 54 (368 -144 -496 ) (368 -144 54 ) (359.500000 -144 54 ) (359.500000 -144 -496 ) 
4 52 53 (359.500000 -144 -502 ) (359.500000 -144 54 ) (359.500000 -135.500000 54 ) (359.500000 -135.500000 -502 ) 
4 53 81 (0 -135.500000 -502 ) (0 -144 -502 ) (0 -144 54 ) (0 -135.500000 54 ) 
4 53 57 (0 -144 -502 ) (359.500000 -144 -502 ) (359.500000 -144 -496 ) (0 -144 -496 ) 
4 53 55 (176 -144 -288 ) (176 -144 -496 ) (208 -144 -496 ) (208 -144 -288 ) 
4 53 54 (359.500000 -144 -496 ) (359.500000 -144 54 ) (208 -144 54 ) (208 -144 -496 ) 
4 53 56 (176 -144 54 ) (0 -144 54 ) (0 -144 -496 ) (176 -144 -496 ) 
4 54 61 (359.500000 -496 54 ) (208 -496 54 ) (208 -496 -496 ) (359.500000 -496 -496 ) 
4 54 60 (368 -496 -496 ) (368 -496 54 ) (359.500000 -496 54 ) (359.500000 -496 -496 ) 
4 54 57 (208 -256 -496 ) (208 -144 -496 ) (368 -144 -496 ) (368 -256 -496 ) 
4 54 58 (368 -496 -496 ) (208 -496 -496 ) (208 -384 -496 ) (368 -384 -496 ) 
4 54 55 (208 -144 -288 ) (208 -144 -496 ) (208 -496 -496 ) (208 -496 -288 ) 
4 55 61 (176 -496 -288 ) (176 -496 -496 ) (208 -496 -496 ) (208 -496 -288 ) 
4 55 57 (176 -256 -496 ) (176 -144 -496 ) (208 -144 -496 ) (208 -256 -496 ) 
4 55 58 (208 -496 -496 ) (176 -496 -496 ) (176 -384 -496 ) (208 -384 -496 ) 
4 55 56 (176 -144 -288 ) (176 -144 -496 ) (176 -496 -496 ) (176 -496 -288 ) 
4 56 83 (0 -496 -496 ) (0 -496 54 ) (0 -384 54 ) (0 -384 -496 ) 
4 56 82 (0 -384 54 ) (0 -256 54 ) (0 -256 -496 ) (0 -384 -496 ) 
4 56 81 (0 -256 54 ) (0 -144 54 ) (0 -144 -496 ) (0 -256 -496 ) 
4 56 61 (176 -496 54 ) (0 -496 54 ) (0 -496 -496 ) (176 -496 -496 ) 
4 56 57 (0 -256 -496 ) (0 -144 -496 ) (176 -144 -496 ) (176 -256 -496 ) 
4 56 58 (176 -496 -496 ) (0 -496 -496 ) (0 -384 -496 ) (176 -384 -496 ) 
4 57 81 (0 -144 -502 ) (0 -256 -502 ) (0 -256 -496 ) (0 -144 -496 ) 
4 58 83 (0 -384 -502 ) (0 -496 -502 ) (0 -496 -496 ) (0 -384 -496 ) 
4 58 61 (0 -496 -502 ) (359.500000 -496 -502 ) (359.500000 -496 -496 ) (0 -496 -496 ) 
4 58 60 (359.500000 -496 -502 ) (368 -496 -502 ) (368 -496 -496 ) (359.500000 -496 -496 ) 
4 59 78 (0 -512 64 ) (0 -512 106 ) (0 -496 106 ) (0 -496 64 ) 
4 59 62 (368 -512 64 ) (368 -512 106 ) (0 -512 106 ) (0 -512 64 ) 
4 60 62 (359.500000 -512 -502 ) (368 -512 -502 ) (368 -512 54 ) (359.500000 -512 54 ) 
4 60 61 (359.500000 -504.500000 54 ) (359.500000 -496 54 ) (359.500000 -496 -502 ) (359.500000 -504.500000 -502 ) 
4 61 83 (0 -496 -502 ) (0 -504.500000 -502 ) (0 -504.500000 54 ) (0 -496 54 ) 
4 62 85 (0 -512 -502 ) (0 -740.125000 -502 ) (0 -740.125000 54 ) (0 -512 54 ) 
4 62 79 (0 -740.125000 54 ) (0 -740.125000 358 ) (0 -512 358 ) (0 -512 54 ) 
4 62 66 (0 -740.125000 -502 ) (0 -512 -502 ) (1024 -512 -502 ) (1024 -740.125000 -502 ) 
4 63 66 (368 -512 -646 ) (1024 -512 -646 ) (1024 -512 -502 ) (368 -512 -502 ) 
4 63 65 (368 -128 -646 ) (368 -512 -646 ) (368 -512 -512 ) (368 -128 -512 ) 
4 63 64 (368 0 -646 ) (368 -128 -646 ) (368 -128 -502 ) (368 0 -502 ) 
4 64 86 (0 0 -502 ) (0 0 -646 ) (0 -128 -646 ) (0 -128 -502 ) 
4 64 65 (0 -128 -646 ) (368 -128 -646 ) (368 -128 -512 ) (0 -128 -512 ) 
4 65 87 (0 -128 -646 ) (0 -512 -646 ) (0 -512 -512 ) (0 -128 -512 ) 
4 65 66 (0 -512 -646 ) (368 -512 -646 ) (368 -512 -512 ) (0 -512 -512 ) 
4 66 88 (0 -512 -646 ) (0 -740.125000 -646 ) (0 -740.125000 -502 ) (0 -512 -502 ) 
4 67 68 (-450 -78 358 ) (-450 -78 74 ) (0 -78 74 ) (0 -78 358 ) 
4 67 69 (-450 -78 74 ) (-450 -78 358 ) (-450 0 358 ) (-450 0 74 ) 
4 68 78 (0 -128 64 ) (0 -128 358 ) (-448 -128 358 ) (-448 -128 64 ) 
4 68 80 (-448 -128 358 ) (-450 -128 358 ) (-450 -128 64 ) (-448 -128 64 ) 
4 68 74 (0 -128 64 ) (-441.500000 -128 64 ) (-441.500000 -78 64 ) (0 -78 64 ) 
4 68 75 (-441.500000 -128 64 ) (-450 -128 64 ) (-450 -78 64 ) (-441.500000 -78 64 ) 
4 68 69 (-450 -78 64 ) (-450 -128 64 ) (-450 -128 358 ) (-450 -78 358 ) 
4 69 80 (-450 -128 358 ) (-758 -128 358 ) (-758 -128 64 ) (-450 -128 64 ) 
4 69 75 (-450 -128 64 ) (-758 -128 64 ) (-758 -70.500000 64 ) (-450 -70.500000 64 ) 
4 69 71 (-700 0 64 ) (-450 0 64 ) (-450 -70 64 ) (-700 -70 64 ) 
4 69 72 (-450 -70 64 ) (-450 -70.500000 64 ) (-700 -70.500000 64 ) (-700 -70 64 ) 
4 69 73 (-758 -70.500000 64 ) (-758 0 64 ) (-700 0 64 ) (-700 -70.500000 64 ) 
4 70 71 (-426 -70 -206 ) (-426 -70 64 ) (-426 0 64 ) (-426 0 -206 ) 
4 70 72 (-426 -70 -492 ) (-426 -70.500000 -492 ) (-426 -70.500000 64 ) (-426 -70 64 ) 
4 71 72 (-700 -70 64 ) (-700 -70 -206 ) (-426 -70 -206 ) (-426 -70 64 ) 
4 71 73 (-700 -70 -206 ) (-700 -70 64 ) (-700 0 64 ) (-700 0 -206 ) 
4 72 77 (-450 -70.500000 -492 ) (-700 -70.500000 -492 ) (-700 -70 -492 ) (-450 -70 -492 ) 
4 72 75 (-700 -70.500000 -492 ) (-441.500000 -70.500000 -492 ) (-441.500000 -70.500000 64 ) (-700 -70.500000 64 ) 
4 72 73 (-700 -70 -492 ) (-700 -70.500000 -492 ) (-700 -70.500000 64 ) (-700 -70 64 ) 
4 73 77 (-758 -70.500000 -492 ) (-758 0 -492 ) (-700 0 -492 ) (-700 -70.500000 -492 ) 
4 73 75 (-758 -70.500000 64 ) (-758 -70.500000 -492 ) (-700 -70.500000 -492 ) (-700 -70.500000 64 ) 
4 74 76 (0 -128 -492 ) (-441.500000 -128 -492 ) (-441.500000 -78 -492 ) (0 -78 -492 ) 
4 74 75 (-441.500000 -78 -492 ) (-441.500000 -128 -492 ) (-441.500000 -128 64 ) (-441.500000 -78 64 ) 
4 75 84 (-758 -128 54 ) (-758 -128 -492 ) (-448 -128 -492 ) (-448 -128 54 ) 
4 75 80 (-448 -128 64 ) (-758 -128 64 ) (-758 -128 54 ) (-448 -128 54 ) 
4 75 77 (-450 -128 -492 ) (-758 -128 -492 ) (-758 -70.500000 -492 ) (-450 -70.500000 -492 ) 
4 75 76 (-441.500000 -128 -492 ) (-450 -128 -492 ) (-450 -78 -492 ) (-441.500000 -78 -492 ) 
4 76 86 (0 -78 -502 ) (0 -128 -502 ) (-448 -128 -502 ) (-448 -78 -502 ) 
4 76 89 (-448 -128 -502 ) (-450 -128 -502 ) (-450 -78 -502 ) (-448 -78 -502 ) 
4 76 84 (-450 -128 -502 ) (-448 -128 -502 ) (-448 -128 -492 ) (-450 -128 -492 ) 
4 76 77 (-450 -78 -502 ) (-450 -128 -502 ) (-450 -128 -492 ) (-450 -78 -492 ) 
4 77 89 (-758 0 -502 ) (-450 0 -502 ) (-450 -128 -502 ) (-758 -128 -502 ) 
4 77 84 (-758 -128 -502 ) (-450 -128 -502 ) (-450 -128 -492 ) (-758 -128 -492 ) 
4 78 79 (-448 -512 358 ) (-448 -512 64 ) (0 -512 64 ) (0 -512 358 ) 
4 78 80 (-448 -128 358 ) (-448 -128 64 ) (-448 -512 64 ) (-448 -512 358 ) 
4 79 85 (0 -512 54 ) (0 -740.125000 54 ) (-448 -740.125000 54 ) (-448 -512 54 ) 
4 79 80 (-448 -512 54 ) (-448 -740.125000 54 ) (-448 -740.125000 358 ) (-448 -512 358 ) 
4 80 85 (-448 -512 54 ) (-448 -740.125000 54 ) (-758 -740.125000 54 ) (-758 -512 54 ) 
4 80 84 (-758 -128 54 ) (-448 -128 54 ) (-448 -512 54 ) (-758 -512 54 ) 
4 81 82 (0 -256 -496 ) (0 -256 54 ) (-439.500000 -256 54 ) (-439.500000 -256 -496 ) 
4 82 83 (-439.500000 -384 -496 ) (0 -384 -496 ) (0 -384 54 ) (-439.500000 -384 54 ) 
4 84 89 (-758 -512 -502 ) (-758 -128 -502 ) (-448 -128 -502 ) (-448 -512 -502 ) 
4 84 85 (-758 -512 54 ) (-758 -512 -502 ) (-448 -512 -502 ) (-448 -512 54 ) 
4 85 88 (-448 -512 -502 ) (0 -512 -502 ) (0 -740.125000 -502 ) (-448 -740.125000 -502 ) 
4 85 89 (-758 -740.125000 -502 ) (-758 -512 -502 ) (-448 -512 -502 ) (-448 -740.125000 -502 ) 
4 86 87 (-448 -128 -512 ) (-448 -128 -646 ) (0 -128 -646 ) (0 -128 -512 ) 
4 86 89 (-448 0 -646 ) (-448 -128 -646 ) (-448 -128 -502 ) (-448 0 -502 ) 
4 87 89 (-448 -128 -646 ) (-448 -512 -646 ) (-448 -512 -512 ) (-448 -128 -512 ) 
4 87 88 (-448 -512 -512 ) (-448 -512 -646 ) (0 -512 -646 ) (0 -512 -512 ) 
4 88 89 (-448 -512 -646 ) (-448 -740.125000 -646 ) (-448 -740.125000 -502 ) (-448 -512 -502 ) 
